Checking for deprecated package usage... OK
Checking for remote package usage... OK
Checking for 'LazyData: true' usage... OK
Checking version number... OK
Checking new package version number... OK
Checking R version dependency... OK
Checking package size... OK
Checking individual file sizes... OK
Checking biocViews... OK
Checking that biocViews are present... OK
Checking package type based on biocViews... OK
Checking for non-trivial biocViews... OK
Checking that biocViews come from the same category... OK
Checking biocViews validity... OK
Checking for recommended biocViews...
Consider adding these automatically suggested biocViews: ATACSeq
Checking build system compatibility... OK
Checking for proper Description: field... OK
Checking if DESCRIPTION is well formatted... OK
Checking for whitespace in DESCRIPTION field names... OK
Checking that Package field matches directory/tarball name... OK
Checking for Version: field... OK
Checking for valid maintainer... OK
Checking License: for restrictive use... OK
Checking for recommended DESCRIPTION fields... OK
Checking for Bioconductor software dependencies... OK
Checking for pinned package versions in DESCRIPTION... OK
Checking for 'fnd' role in Authors@R...
No 'fnd' role found in Authors@R. If the work is supported
        by a grant, consider adding the 'fnd' role to the list of authors.
Checking NAMESPACE... OK
Checking .Rbuildignore... OK
Checking for stray BiocCheck output folders... OK
Checking for inst/doc folders... OK
Checking vignette directory... OK
Checking package installation calls in R code... OK
Checking for library/require of scFastDE... OK
Checking coding practice... OK
Checking parsed R code in R directory, examples, vignettes... OK
Checking function lengths...
The recommended function length is 50 lines or less. There are 3 functions greater than 50 lines.
The longest 5 functions are:
fastDE() (R/fastDE.R): 175 lines
fastPseudobulk() (R/fastPseudobulk.R): 100 lines
plotDEResults() (R/plotDEResults.R):  72 lines
Checking man page documentation... OK
Checking package NEWS... OK
Checking unit tests... OK
Checking skip_on_bioc() in tests... OK
Checking formatting of DESCRIPTION, NAMESPACE, man pages, R source, and vignette source...
Consider shorter lines; 3 lines (0%) are > 80 characters long.
First few lines:
vignettes/scFastDE_workflow.Rmd#L13   %\VignetteIndexEntry{Fast donor-weight ...
vignettes/scFastDE_workflow.Rmd#L169 ```{r volcano, fig.cap = "Volcano plot o ...
vignettes/scFastDE_workflow.Rmd#L305 ```{r paired_volcano, fig.cap = "Volcano ...
Consider multiples of 4 spaces for line indents; 79 lines (6%) are not.
First few lines:
R/fastDE.R#L128                                donor     ...
R/fastDE.R#L129                                cell_type ...
R/fastDE.R#L130                                min_cells ...
R/fastDE.R#L131                                action    ...
R/fastDE.R#L135                      target_type] ...
R/fastDE.R#L143              paste(sort(all_cond_levels) ...
R/fastDE.R#L162                               donor      ...
R/fastDE.R#L163                               cell_type  ...
R/fastDE.R#L164                               target_typ ...
R/fastDE.R#L165                               condition  ...
R/fastDE.R#L168                               donor      ...
R/fastDE.R#L169                               cell_type  ...
R/fastDE.R#L170                               target_typ ...
R/fastDE.R#L191                  ") for the paired model ...
R/fastDE.R#L192                  length(levels(donor_f)) ...
R/fastDE.R#L193                  length(cond_levels), "  ...
R/fastDE.R#L194                  "Need at least ", n_par ...
R/fastDE.R#L216                  paste(cond_levels, coll ...
R/fastDE.R#L230              "Try lowering 'min_cpm' or  ...
R/fastDE.R#L238               weights  = matrix(rep(weig ...
R/fastDE.R#L240               plot     = FALSE) ...
R/fastPseudobulk.R#L110              "' not found in colData(sce ...
R/fastPseudobulk.R#L117              "' not found in colData(sce ...
R/fastPseudobulk.R#L122              "'", cell_type, "' column." ...
R/fastPseudobulk.R#L159              n_samples, " sample(s) for  ...
R/plotDEResults.R#L54                            fdr_thresh  = ...
R/plotDEResults.R#L55                            lfc_thresh  = ...
R/plotDEResults.R#L56                            top_n       = ...
R/plotDEResults.R#L57                            point_size  = ...
R/plotDEResults.R#L58                            point_alpha = ...
R/plotDEResults.R#L59                            colours     = ...
R/plotDEResults.R#L60                                          ...
R/plotDEResults.R#L61                                          ...
R/plotDEResults.R#L85                    linetype = "dashed",  ...
R/plotDEResults.R#L86                    linewidth = 0.4) + ...
R/plotDEResults.R#L88                    linetype = "dashed",  ...
R/plotDEResults.R#L89                    linewidth = 0.4) + ...
vignettes/scFastDE_workflow.Rmd#L56    `limma::lmFit` in one call, which use ...
vignettes/scFastDE_workflow.Rmd#L57    models simultaneously. ...
vignettes/scFastDE_workflow.Rmd#L59    giving principled influence to well-r ...
vignettes/scFastDE_workflow.Rmd#L61    aggregation, preventing noisy pseudo- ...
vignettes/scFastDE_workflow.Rmd#L63    donors appear in multiple conditions  ...
vignettes/scFastDE_workflow.Rmd#L64    model (paired `~ 0 + condition + dono ...
vignettes/scFastDE_workflow.Rmd#L90                  nrow = n_genes, ncol =  ...
vignettes/scFastDE_workflow.Rmd#L111                            donor     = " ...
vignettes/scFastDE_workflow.Rmd#L112                            cell_type = " ...
vignettes/scFastDE_workflow.Rmd#L113                            min_cells = 5 ...
vignettes/scFastDE_workflow.Rmd#L121                       donor       = "don ...
vignettes/scFastDE_workflow.Rmd#L122                       cell_type   = "cel ...
vignettes/scFastDE_workflow.Rmd#L123                       target_type = "CD4 ...
vignettes/scFastDE_workflow.Rmd#L139                   donor       = "donor", ...
vignettes/scFastDE_workflow.Rmd#L140                   cell_type   = "cell_ty ...
vignettes/scFastDE_workflow.Rmd#L141                   condition   = "conditi ...
vignettes/scFastDE_workflow.Rmd#L142                   target_type = "CD4_Tce ...
vignettes/scFastDE_workflow.Rmd#L143                   min_cells   = 5, ...
vignettes/scFastDE_workflow.Rmd#L144                   min_cpm     = 1, ...
vignettes/scFastDE_workflow.Rmd#L145                   min_donors  = 2) ...
vignettes/scFastDE_workflow.Rmd#L184           which(sce$donor == "Donor1")[1 ...
vignettes/scFastDE_workflow.Rmd#L188                              donor       ...
vignettes/scFastDE_workflow.Rmd#L189                              cell_type   ...
vignettes/scFastDE_workflow.Rmd#L190                              target_type ...
vignettes/scFastDE_workflow.Rmd#L228                  nrow = n_genes, ncol =  ...
vignettes/scFastDE_workflow.Rmd#L245                              each = n_do ...
vignettes/scFastDE_workflow.Rmd#L259                               donor      ...
vignettes/scFastDE_workflow.Rmd#L260                               cell_type  ...
vignettes/scFastDE_workflow.Rmd#L261                               target_typ ...
vignettes/scFastDE_workflow.Rmd#L262                               condition  ...
vignettes/scFastDE_workflow.Rmd#L279                          donor       = " ...
vignettes/scFastDE_workflow.Rmd#L280                          cell_type   = " ...
vignettes/scFastDE_workflow.Rmd#L281                          condition   = " ...
vignettes/scFastDE_workflow.Rmd#L282                          target_type = " ...
vignettes/scFastDE_workflow.Rmd#L283                          min_cells   = 5 ...
vignettes/scFastDE_workflow.Rmd#L284                          min_cpm     = 1 ...
vignettes/scFastDE_workflow.Rmd#L285                          min_donors  = 2 ...
vignettes/scFastDE_workflow.Rmd#L298                   rownames(dt_paired)[dt ...
vignettes/scFastDE_workflow.Rmd#L307              top_n = 10) ...
vignettes/scFastDE_workflow.Rmd#L316   is smaller, making it easier to detect ...
vignettes/scFastDE_workflow.Rmd#L318   stim cells from the same donor would b ...
vignettes/scFastDE_workflow.Rmd#L319   washing out the treatment signal compl ...
Checking if package already exists in CRAN... OK
Checking if new package already exists in Bioconductor... OK
Checking for bioc-devel mailing list subscription...
Cannot determine whether maintainer is subscribed to the Bioc-Devel mailing list (requires admin credentials). Subscribe here: https://stat.ethz.ch/mailman/listinfo/bioc-devel
Checking for support site registration... OK
